<?xml version="1.0" encoding="UTF-8"?>
<!--
  ~ Copyright (c) 2008-2016 Haulmont. All rights reserved.
  ~ Use is subject to license terms, see http://www.cuba-platform.com/commercial-software-license for details.
  -->

<persistence xmlns="http://java.sun.com/xml/ns/persistence" version="2.0">
    <persistence-unit name="cuba" transaction-type="RESOURCE_LOCAL">

        <class>com.haulmont.reports.testsupport.entity.TimeEntry</class>
        <class>com.haulmont.reports.testsupport.entity.User</class>
        <class>com.haulmont.reports.testsupport.entity.Month</class>
    </persistence-unit>
</persistence>
